0 info it worked if it ends with ok
1 verbose cli [ 'node',
1 verbose cli   '/usr/local/bin/npm',
1 verbose cli   'install',
1 verbose cli   'karma-script-launcher@latest',
1 verbose cli   '--save-dev' ]
2 info using npm@2.14.4
3 info using node@v0.12.7
4 verbose node symlink /usr/local/bin/node
5 verbose install initial load of /Users/jamalmartin/pathfinder/crafting_2/package.json
6 verbose installManyTop reading scoped package data from /Users/jamalmartin/pathfinder/crafting_2/node_modules/babel/package.json
7 verbose installManyTop reading scoped package data from /Users/jamalmartin/pathfinder/crafting_2/node_modules/babel-core/package.json
8 verbose installManyTop reading scoped package data from /Users/jamalmartin/pathfinder/crafting_2/node_modules/babel-loader/package.json
9 verbose installManyTop reading scoped package data from /Users/jamalmartin/pathfinder/crafting_2/node_modules/css-loader/package.json
10 verbose installManyTop reading scoped package data from /Users/jamalmartin/pathfinder/crafting_2/node_modules/eslint/package.json
11 verbose installManyTop reading scoped package data from /Users/jamalmartin/pathfinder/crafting_2/node_modules/eslint-loader/package.json
12 verbose installManyTop reading scoped package data from /Users/jamalmartin/pathfinder/crafting_2/node_modules/eslint-plugin-react/package.json
13 verbose installManyTop reading scoped package data from /Users/jamalmartin/pathfinder/crafting_2/node_modules/file-loader/package.json
14 verbose installManyTop reading scoped package data from /Users/jamalmartin/pathfinder/crafting_2/node_modules/grunt/package.json
15 verbose installManyTop reading scoped package data from /Users/jamalmartin/pathfinder/crafting_2/node_modules/grunt-contrib-clean/package.json
16 verbose installManyTop reading scoped package data from /Users/jamalmartin/pathfinder/crafting_2/node_modules/grunt-contrib-connect/package.json
17 verbose installManyTop reading scoped package data from /Users/jamalmartin/pathfinder/crafting_2/node_modules/grunt-contrib-copy/package.json
18 verbose installManyTop reading scoped package data from /Users/jamalmartin/pathfinder/crafting_2/node_modules/grunt-karma/package.json
19 verbose installManyTop reading scoped package data from /Users/jamalmartin/pathfinder/crafting_2/node_modules/grunt-open/package.json
20 verbose installManyTop reading scoped package data from /Users/jamalmartin/pathfinder/crafting_2/node_modules/grunt-webpack/package.json
21 verbose installManyTop reading scoped package data from /Users/jamalmartin/pathfinder/crafting_2/node_modules/jasmine-core/package.json
22 verbose installManyTop reading scoped package data from /Users/jamalmartin/pathfinder/crafting_2/node_modules/karma/package.json
23 verbose installManyTop reading scoped package data from /Users/jamalmartin/pathfinder/crafting_2/node_modules/karma-jasmine/package.json
24 verbose installManyTop reading scoped package data from /Users/jamalmartin/pathfinder/crafting_2/node_modules/karma-phantomjs-launcher/package.json
25 verbose installManyTop reading scoped package data from /Users/jamalmartin/pathfinder/crafting_2/node_modules/karma-script-launcher/package.json
26 verbose installManyTop reading scoped package data from /Users/jamalmartin/pathfinder/crafting_2/node_modules/karma-webpack/package.json
27 verbose installManyTop reading scoped package data from /Users/jamalmartin/pathfinder/crafting_2/node_modules/load-grunt-tasks/package.json
28 verbose installManyTop reading scoped package data from /Users/jamalmartin/pathfinder/crafting_2/node_modules/node-sass/package.json
29 verbose installManyTop reading scoped package data from /Users/jamalmartin/pathfinder/crafting_2/node_modules/normalize.css/package.json
30 verbose installManyTop reading scoped package data from /Users/jamalmartin/pathfinder/crafting_2/node_modules/react/package.json
31 verbose installManyTop reading scoped package data from /Users/jamalmartin/pathfinder/crafting_2/node_modules/react-bootstrap/package.json
32 verbose installManyTop reading scoped package data from /Users/jamalmartin/pathfinder/crafting_2/node_modules/react-hot-loader/package.json
33 verbose installManyTop reading scoped package data from /Users/jamalmartin/pathfinder/crafting_2/node_modules/react-router/package.json
34 verbose installManyTop reading scoped package data from /Users/jamalmartin/pathfinder/crafting_2/node_modules/reflux/package.json
35 verbose installManyTop reading scoped package data from /Users/jamalmartin/pathfinder/crafting_2/node_modules/sass-loader/package.json
36 verbose installManyTop reading scoped package data from /Users/jamalmartin/pathfinder/crafting_2/node_modules/style-loader/package.json
37 verbose installManyTop reading scoped package data from /Users/jamalmartin/pathfinder/crafting_2/node_modules/url-loader/package.json
38 verbose installManyTop reading scoped package data from /Users/jamalmartin/pathfinder/crafting_2/node_modules/webpack/package.json
39 verbose installManyTop reading scoped package data from /Users/jamalmartin/pathfinder/crafting_2/node_modules/webpack-dev-server/package.json
40 info package.json grunt@0.4.5 No license field.
41 info package.json grunt-contrib-clean@0.6.0 No license field.
42 info package.json grunt-contrib-copy@0.5.0 No license field.
43 info package.json grunt-open@0.2.3 No license field.
44 info package.json grunt-webpack@1.0.11 No license field.
45 info package.json style-loader@0.8.3 No license field.
46 verbose readDependencies loading dependencies from /Users/jamalmartin/pathfinder/crafting_2/package.json
47 silly cache add args [ 'karma-script-launcher@latest', null ]
48 verbose cache add spec karma-script-launcher@latest
49 silly cache add parsed spec { raw: 'karma-script-launcher@latest',
49 silly cache add   scope: null,
49 silly cache add   name: 'karma-script-launcher',
49 silly cache add   rawSpec: 'latest',
49 silly cache add   spec: 'latest',
49 silly cache add   type: 'tag' }
50 silly addNamed karma-script-launcher@latest
51 verbose addNamed "latest" is being treated as a dist-tag for karma-script-launcher
52 info addNameTag [ 'karma-script-launcher', 'latest' ]
53 silly mapToRegistry name karma-script-launcher
54 silly mapToRegistry using default registry
55 silly mapToRegistry registry http://registry.npmjs.org/
56 silly mapToRegistry uri http://registry.npmjs.org/karma-script-launcher
57 verbose addNameTag registry:http://registry.npmjs.org/karma-script-launcher not in flight; fetching
58 verbose request uri http://registry.npmjs.org/karma-script-launcher
59 verbose request no auth needed
60 info attempt registry request try #1 at 15:58:24
61 verbose request id 0b44f4e7da2aa6cc
62 verbose etag "B7K7G6UQ3EPBF6VMO7AP9CU9H"
63 http request GET http://registry.npmjs.org/karma-script-launcher
64 http 304 http://registry.npmjs.org/karma-script-launcher
65 silly get cb [ 304,
65 silly get   { date: 'Sun, 04 Oct 2015 21:58:24 GMT',
65 silly get     via: '1.1 varnish',
65 silly get     'cache-control': 'max-age=60',
65 silly get     etag: '"B7K7G6UQ3EPBF6VMO7AP9CU9H"',
65 silly get     age: '0',
65 silly get     connection: 'keep-alive',
65 silly get     'x-served-by': 'cache-dfw1824-DFW',
65 silly get     'x-cache': 'HIT',
65 silly get     'x-cache-hits': '1',
65 silly get     'x-timer': 'S1443995904.866060,VS0,VE185',
65 silly get     vary: 'Accept' } ]
66 verbose etag http://registry.npmjs.org/karma-script-launcher from cache
67 verbose get saving karma-script-launcher to /Users/jamalmartin/.npm/registry.npmjs.org/karma-script-launcher/.cache.json
68 silly addNameTag next cb for karma-script-launcher with tag latest
69 silly addNamed karma-script-launcher@0.1.0
70 verbose addNamed "0.1.0" is a plain semver version for karma-script-launcher
71 silly cache afterAdd karma-script-launcher@0.1.0
72 verbose afterAdd /Users/jamalmartin/.npm/karma-script-launcher/0.1.0/package/package.json not in flight; writing
73 verbose afterAdd /Users/jamalmartin/.npm/karma-script-launcher/0.1.0/package/package.json written
74 silly install resolved [ { name: 'karma-script-launcher',
74 silly install resolved     version: '0.1.0',
74 silly install resolved     description: 'A Karma plugin. Launcher for shell scripts.',
74 silly install resolved     main: 'index.js',
74 silly install resolved     scripts: { test: 'echo "Error: no test specified" && exit 1' },
74 silly install resolved     repository:
74 silly install resolved      { type: 'git',
74 silly install resolved        url: 'git://github.com/karma-runner/karma-script-launcher.git' },
74 silly install resolved     keywords: [ 'karma-plugin', 'karma-launcher', 'script' ],
74 silly install resolved     author: { name: 'Vojta Jina', email: 'vojta.jina@gmail.com' },
74 silly install resolved     dependencies: {},
74 silly install resolved     peerDependencies: { karma: '>=0.9' },
74 silly install resolved     license: 'MIT',
74 silly install resolved     devDependencies:
74 silly install resolved      { grunt: '~0.4.1',
74 silly install resolved        'grunt-npm': '~0.0.2',
74 silly install resolved        'grunt-bump': '~0.0.7',
74 silly install resolved        'grunt-auto-release': '~0.0.2' },
74 silly install resolved     contributors: [],
74 silly install resolved     bugs: { url: 'https://github.com/karma-runner/karma-script-launcher/issues' },
74 silly install resolved     _id: 'karma-script-launcher@0.1.0',
74 silly install resolved     dist:
74 silly install resolved      { shasum: 'b643e7c2faead1a52cdb2eeaadcf7a245f0d772a',
74 silly install resolved        tarball: 'http://registry.npmjs.org/karma-script-launcher/-/karma-script-launcher-0.1.0.tgz' },
74 silly install resolved     _from: 'karma-script-launcher@latest',
74 silly install resolved     _npmVersion: '1.3.2',
74 silly install resolved     _npmUser: { name: 'vojtajina', email: 'vojta.jina@gmail.com' },
74 silly install resolved     maintainers: [ [Object] ],
74 silly install resolved     directories: {},
74 silly install resolved     _shasum: 'b643e7c2faead1a52cdb2eeaadcf7a245f0d772a',
74 silly install resolved     _resolved: 'http://registry.npmjs.org/karma-script-launcher/-/karma-script-launcher-0.1.0.tgz',
74 silly install resolved     readme: 'ERROR: No README data found!',
74 silly install resolved     homepage: 'https://github.com/karma-runner/karma-script-launcher#readme' } ]
75 info install karma-script-launcher@0.1.0 into /Users/jamalmartin/pathfinder/crafting_2
76 info installOne karma-script-launcher@0.1.0
77 verbose installOne of karma-script-launcher to /Users/jamalmartin/pathfinder/crafting_2 not in flight; installing
78 verbose lock using /Users/jamalmartin/.npm/_locks/karma-script-launcher-6b5a7784e0ba30bb.lock for /Users/jamalmartin/pathfinder/crafting_2/node_modules/karma-script-launcher
79 silly install write writing karma-script-launcher 0.1.0 to /Users/jamalmartin/pathfinder/crafting_2/node_modules/karma-script-launcher
80 verbose unbuild node_modules/karma-script-launcher
81 info preuninstall karma-script-launcher@0.1.0
82 info uninstall karma-script-launcher@0.1.0
83 verbose unbuild rmStuff karma-script-launcher@0.1.0 from /Users/jamalmartin/pathfinder/crafting_2/node_modules
84 info postuninstall karma-script-launcher@0.1.0
85 silly gentlyRm /Users/jamalmartin/pathfinder/crafting_2/node_modules/karma-script-launcher is being purged from base /Users/jamalmartin/pathfinder/crafting_2
86 verbose gentlyRm don't care about contents; nuking /Users/jamalmartin/pathfinder/crafting_2/node_modules/karma-script-launcher
87 silly vacuum-fs purging /Users/jamalmartin/pathfinder/crafting_2/node_modules/karma-script-launcher
88 silly vacuum-fs quitting because other entries in /Users/jamalmartin/pathfinder/crafting_2/node_modules
89 verbose tar unpack /Users/jamalmartin/.npm/karma-script-launcher/0.1.0/package.tgz
90 verbose tar unpacking to /Users/jamalmartin/pathfinder/crafting_2/node_modules/karma-script-launcher
91 silly gentlyRm /Users/jamalmartin/pathfinder/crafting_2/node_modules/karma-script-launcher is being purged
92 verbose gentlyRm don't care about contents; nuking /Users/jamalmartin/pathfinder/crafting_2/node_modules/karma-script-launcher
93 silly gunzTarPerm modes [ '755', '644' ]
94 silly gunzTarPerm extractEntry package.json
95 silly gunzTarPerm extractEntry README.md
96 silly gunzTarPerm extractEntry LICENSE
97 silly gunzTarPerm extractEntry index.js
98 verbose write writing to /Users/jamalmartin/pathfinder/crafting_2/node_modules/karma-script-launcher/package.json
99 info preinstall karma-script-launcher@0.1.0
100 verbose readDependencies loading dependencies from /Users/jamalmartin/pathfinder/crafting_2/node_modules/karma-script-launcher/package.json
101 verbose readDependencies loading dependencies from /Users/jamalmartin/pathfinder/crafting_2/node_modules/karma-script-launcher/package.json
102 silly install resolved []
103 verbose about to build /Users/jamalmartin/pathfinder/crafting_2/node_modules/karma-script-launcher
104 info build /Users/jamalmartin/pathfinder/crafting_2/node_modules/karma-script-launcher
105 info linkStuff karma-script-launcher@0.1.0
106 silly linkStuff karma-script-launcher@0.1.0 has /Users/jamalmartin/pathfinder/crafting_2/node_modules as its parent node_modules
107 verbose linkBins karma-script-launcher@0.1.0
108 verbose linkMans karma-script-launcher@0.1.0
109 verbose rebuildBundles karma-script-launcher@0.1.0
110 info install karma-script-launcher@0.1.0
111 info postinstall karma-script-launcher@0.1.0
112 verbose unlock done using /Users/jamalmartin/.npm/_locks/karma-script-launcher-6b5a7784e0ba30bb.lock for /Users/jamalmartin/pathfinder/crafting_2/node_modules/karma-script-launcher
113 verbose validateInstall loading /Users/jamalmartin/pathfinder/crafting_2/package.json for validation
114 verbose stack Error: The package karma@0.13.10 does not satisfy its siblings' peerDependencies requirements!
114 verbose stack     at /usr/local/lib/node_modules/npm/lib/install.js:125:32
114 verbose stack     at /usr/local/lib/node_modules/npm/lib/install.js:268:7
114 verbose stack     at /usr/local/lib/node_modules/npm/node_modules/read-installed/read-installed.js:142:5
114 verbose stack     at /usr/local/lib/node_modules/npm/node_modules/read-installed/read-installed.js:263:14
114 verbose stack     at cb (/usr/local/lib/node_modules/npm/node_modules/slide/lib/async-map.js:47:24)
114 verbose stack     at /usr/local/lib/node_modules/npm/node_modules/read-installed/read-installed.js:263:14
114 verbose stack     at cb (/usr/local/lib/node_modules/npm/node_modules/slide/lib/async-map.js:47:24)
114 verbose stack     at /usr/local/lib/node_modules/npm/node_modules/read-installed/read-installed.js:263:14
114 verbose stack     at cb (/usr/local/lib/node_modules/npm/node_modules/slide/lib/async-map.js:47:24)
114 verbose stack     at /usr/local/lib/node_modules/npm/node_modules/read-installed/read-installed.js:263:14
115 verbose cwd /Users/jamalmartin/pathfinder/crafting_2
116 error Darwin 14.5.0
117 error argv "node" "/usr/local/bin/npm" "install" "karma-script-launcher@latest" "--save-dev"
118 error node v0.12.7
119 error npm  v2.14.4
120 error code EPEERINVALID
121 error peerinvalid The package karma@0.13.10 does not satisfy its siblings' peerDependencies requirements!
121 error peerinvalid Peer karma-script-launcher@0.1.0 wants karma@>=0.9
121 error peerinvalid Peer grunt-karma@0.8.3 wants karma@~0.12.0
121 error peerinvalid Peer karma-phantomjs-launcher@0.1.4 wants karma@>=0.9
122 verbose exit [ 1, true ]
